#
# A fatal error has been detected by the Java Runtime Environment:
#
#  Internal Error (jvmciRuntime.cpp:1649), pid=92432, tid=92672
#  fatal error: Fatal JVMCI exception (see JVMCI Events for stack trace): Uncaught exception exiting libjvmci JVMCIEnv scope entered at s\open\src\hotspot\share\compiler\compileBroker.cpp:2197
#
# JRE version: Java(TM) SE Runtime Environment Oracle GraalVM 21.0.3+7.1 (21.0.3+7) (build 21.0.3+7-LTS-jvmci-23.1-b37)
# Java VM: Java HotSpot(TM) 64-Bit Server VM Oracle GraalVM 21.0.3+7.1 (21.0.3+7-LTS-jvmci-23.1-b37, mixed mode, sharing, tiered, jvmci, jvmci compiler, compressed oops, compressed class ptrs, g1 gc, windows-amd64)
# No core dump will be written. Minidumps are not enabled by default on client versions of Windows
#
# If you would like to submit a bug report, please visit:
#   https://bugreport.java.com/bugreport/crash.jsp
#

---------------  S U M M A R Y ------------

Command Line: -XX:ThreadPriorityPolicy=1 -XX:+UnlockExperimentalVMOptions -XX:+EnableJVMCIProduct -XX:-UnlockExperimentalVMOptions -ea -Dvisualvm.display.name=spring-learning%PID -Dvisualvm.id=1720957747586 -XX:+ShowCodeDetailsInExceptionMessages -Dfile.encoding=UTF-8 org.eclipse.jdt.internal.junit.runner.RemoteTestRunner -version 3 -port 60929 -testLoaderClass org.eclipse.jdt.internal.junit5.runner.JUnit5TestLoader -loaderpluginname org.eclipse.jdt.junit5.runtime -test org.annotation.bean.BeanTest:test_bean

Host: AMD Ryzen 9 7950X3D 16-Core Processor          , 32 cores, 63G,  Windows 11 , 64 bit Build 22621 (10.0.22621.3672)
Time: Sun Jul 14 19:49:11 2024  Windows 11 , 64 bit Build 22621 (10.0.22621.3672) elapsed time: 0.099709 seconds (0d 0h 0m 0s)

---------------  T H R E A D  ---------------

Current thread (0x000001f7290b4ae0):  JavaThread "JVMCI-native CompilerThread0" daemon [_thread_in_vm, id=92672, stack(0x000000ef68300000,0x000000ef68400000) (1024K)]


Current CompileTask:
JVMCI-native:     99  415       4       java.lang.AbstractStringBuilder::append (77 bytes)

Stack: [0x000000ef68300000,0x000000ef68400000]
Native frames: (J=compiled Java code, j=interpreted, Vv=VM code, C=native code)
V  [jvm.dll+0x6cfcf9]
V  [jvm.dll+0x859351]
V  [jvm.dll+0x85b87e]
V  [jvm.dll+0x27ce21]
V  [jvm.dll+0x52cc12]
V  [jvm.dll+0x50c422]
V  [jvm.dll+0x254663]
V  [jvm.dll+0x252dfa]
V  [jvm.dll+0x3eb346]
V  [jvm.dll+0x80393b]
V  [jvm.dll+0x6ce3dd]
C  [ucrtbase.dll+0x29333]
C  [KERNEL32.DLL+0x1257d]
C  [ntdll.dll+0x5af28]


---------------  P R O C E S S  ---------------

Threads class SMR info:
_java_thread_list=0x000001f72963ead0, length=20, elements={
0x000001f6b423bb30, 0x000001f7290a9440, 0x000001f7290aa510, 0x000001f7290ad690,
0x000001f7290aec50, 0x000001f7290b2be0, 0x000001f7290b3a70, 0x000001f7290b4ae0,
0x000001f7290b7b40, 0x000001f72911a710, 0x000001f7292260f0, 0x000001f72922ca10,
0x000001f72922d0c0, 0x000001f7292b5ce0, 0x000001f7292e7590, 0x000001f7292e8050,
0x000001f7292f3050, 0x000001f729637380, 0x000001f72964d8e0, 0x000001f72964df90
}

Java Threads: ( => current thread )
  0x000001f6b423bb30 JavaThread "main"                              [_thread_in_Java, id=92540, stack(0x000000ef67500000,0x000000ef67600000) (1024K)]
  0x000001f7290a9440 JavaThread "Reference Handler"          daemon [_thread_blocked, id=92648, stack(0x000000ef67d00000,0x000000ef67e00000) (1024K)]
  0x000001f7290aa510 JavaThread "Finalizer"                  daemon [_thread_blocked, id=92652, stack(0x000000ef67e00000,0x000000ef67f00000) (1024K)]
  0x000001f7290ad690 JavaThread "Signal Dispatcher"          daemon [_thread_blocked, id=92656, stack(0x000000ef67f00000,0x000000ef68000000) (1024K)]
  0x000001f7290aec50 JavaThread "Attach Listener"            daemon [_thread_blocked, id=92660, stack(0x000000ef68000000,0x000000ef68100000) (1024K)]
  0x000001f7290b2be0 JavaThread "Service Thread"             daemon [_thread_blocked, id=92664, stack(0x000000ef68100000,0x000000ef68200000) (1024K)]
  0x000001f7290b3a70 JavaThread "Monitor Deflation Thread"   daemon [_thread_blocked, id=92668, stack(0x000000ef68200000,0x000000ef68300000) (1024K)]
=>0x000001f7290b4ae0 JavaThread "JVMCI-native CompilerThread0" daemon [_thread_in_vm, id=92672, stack(0x000000ef68300000,0x000000ef68400000) (1024K)]
  0x000001f7290b7b40 JavaThread "C1 CompilerThread0"         daemon [_thread_blocked, id=92676, stack(0x000000ef68400000,0x000000ef68500000) (1024K)]
  0x000001f72911a710 JavaThread "C1 CompilerThread1"         daemon [_thread_blocked, id=92680, stack(0x000000ef68500000,0x000000ef68600000) (1024K)]
  0x000001f7292260f0 JavaThread "Common-Cleaner"             daemon [_thread_blocked, id=92744, stack(0x000000ef68600000,0x000000ef68700000) (1024K)]
  0x000001f72922ca10 JavaThread "C1 CompilerThread2"         daemon [_thread_blocked, id=92748, stack(0x000000ef68700000,0x000000ef68800000) (1024K)]
  0x000001f72922d0c0 JavaThread "C1 CompilerThread3"         daemon [_thread_blocked, id=92752, stack(0x000000ef68800000,0x000000ef68900000) (1024K)]
  0x000001f7292b5ce0 JavaThread "Notification Thread"        daemon [_thread_blocked, id=92760, stack(0x000000ef68900000,0x000000ef68a00000) (1024K)]
  0x000001f7292e7590 JavaThread "C1 CompilerThread4"         daemon [_thread_blocked, id=92888, stack(0x000000ef68a00000,0x000000ef68b00000) (1024K)]
  0x000001f7292e8050 JavaThread "C1 CompilerThread5"         daemon [_thread_blocked, id=92892, stack(0x000000ef68b00000,0x000000ef68c00000) (1024K)]
  0x000001f7292f3050 JavaThread "C1 CompilerThread6"         daemon [_thread_blocked, id=92896, stack(0x000000ef68c00000,0x000000ef68d00000) (1024K)]
  0x000001f729637380 JavaThread "JVMCI-native CompilerThread1" daemon [_thread_blocked, id=92940, stack(0x000000ef68d00000,0x000000ef68e00000) (1024K)]
  0x000001f72964d8e0 JavaThread "JVMCI-native CompilerThread2" daemon [_thread_blocked, id=92944, stack(0x000000ef68e00000,0x000000ef68f00000) (1024K)]
  0x000001f72964df90 JavaThread "JVMCI-native CompilerThread3" daemon [_thread_blocked, id=92952, stack(0x000000ef68f00000,0x000000ef69000000) (1024K)]
Total: 20

Other Threads:
  0x000001f6e460e9e0 VMThread "VM Thread"                           [id=92600, stack(0x000000ef67c00000,0x000000ef67d00000) (1024K)]
  0x000001f7290817c0 WatcherThread "VM Periodic Task Thread"        [id=92596, stack(0x000000ef67b00000,0x000000ef67c00000) (1024K)]
  0x000001f6b669ebe0 WorkerThread "GC Thread#0"                     [id=92560, stack(0x000000ef67600000,0x000000ef67700000) (1024K)]
  0x000001f6b66ac540 ConcurrentGCThread "G1 Main Marker"            [id=92564, stack(0x000000ef67700000,0x000000ef67800000) (1024K)]
  0x000001f6b66ad6f0 WorkerThread "G1 Conc#0"                       [id=92568, stack(0x000000ef67800000,0x000000ef67900000) (1024K)]
  0x000001f6e454d2d0 ConcurrentGCThread "G1 Refine#0"               [id=92584, stack(0x000000ef67900000,0x000000ef67a00000) (1024K)]
  0x000001f6e454de40 ConcurrentGCThread "G1 Service"                [id=92588, stack(0x000000ef67a00000,0x000000ef67b00000) (1024K)]
Total: 7

Threads with active compile tasks:
JVMCI-native CompilerThread0      107  415       4       java.lang.AbstractStringBuilder::append (77 bytes)
Total: 1

VM state: not at safepoint (normal execution)

VM Mutex/Monitor currently owned by a thread: None

Heap address: 0x000000040c800000, size: 16184 MB, Compressed Oops mode: Zero based, Oop shift amount: 3

CDS archive(s) mapped at: [0x000001f6e8000000-0x000001f6e8c90000-0x000001f6e8c90000), size 13172736, SharedBaseAddress: 0x000001f6e8000000, ArchiveRelocationMode: 1.
Compressed class space mapped at: 0x000001f6e9000000-0x000001f729000000, reserved size: 1073741824
Narrow klass base: 0x000001f6e8000000, Narrow klass shift: 0, Narrow klass range: 0x100000000

GC Precious Log:
 CardTable entry size: 512
 Card Set container configuration: InlinePtr #cards 4 size 8 Array Of Cards #cards 64 size 144 Howl #buckets 8 coarsen threshold 14745 Howl Bitmap #cards 2048 size 272 coarsen threshold 1843 Card regions per heap region 1 cards per card region 16384
 CPUs: 32 total, 32 available
 Memory: 64704M
 Large Page Support: Disabled
 NUMA Support: Disabled
 Compressed Oops: Enabled (Zero based)
 Heap Region Size: 8M
 Heap Min Capacity: 8M
 Heap Initial Capacity: 1016M
 Heap Max Capacity: 16184M
 Pre-touch: Disabled
 Parallel Workers: 23
 Concurrent Workers: 6
 Concurrent Refinement Workers: 23
 Periodic GC: Disabled

Heap:
 garbage-first heap   total 1040384K, used 8192K [0x000000040c800000, 0x0000000800000000)
  region size 8192K, 2 young (16384K), 0 survivors (0K)
 Metaspace       used 1310K, committed 1472K, reserved 1114112K
  class space    used 96K, committed 192K, reserved 1048576K

Heap Regions: E=young(eden), S=young(survivor), O=old, HS=humongous(starts), HC=humongous(continues), CS=collection set, F=free, TAMS=top-at-mark-start, PB=parsable bottom
|   0|0x000000040c800000, 0x000000040c800000, 0x000000040d000000|  0%| F|  |TAMS 0x000000040c800000| PB 0x000000040c800000| Untracked 
|   1|0x000000040d000000, 0x000000040d000000, 0x000000040d800000|  0%| F|  |TAMS 0x000000040d000000| PB 0x000000040d000000| Untracked 
|   2|0x000000040d800000, 0x000000040d800000, 0x000000040e000000|  0%| F|  |TAMS 0x000000040d800000| PB 0x000000040d800000| Untracked 
|   3|0x000000040e000000, 0x000000040e000000, 0x000000040e800000|  0%| F|  |TAMS 0x000000040e000000| PB 0x000000040e000000| Untracked 
|   4|0x000000040e800000, 0x000000040e800000, 0x000000040f000000|  0%| F|  |TAMS 0x000000040e800000| PB 0x000000040e800000| Untracked 
|   5|0x000000040f000000, 0x000000040f000000, 0x000000040f800000|  0%| F|  |TAMS 0x000000040f000000| PB 0x000000040f000000| Untracked 
|   6|0x000000040f800000, 0x000000040f800000, 0x0000000410000000|  0%| F|  |TAMS 0x000000040f800000| PB 0x000000040f800000| Untracked 
|   7|0x0000000410000000, 0x0000000410000000, 0x0000000410800000|  0%| F|  |TAMS 0x0000000410000000| PB 0x0000000410000000| Untracked 
|   8|0x0000000410800000, 0x0000000410800000, 0x0000000411000000|  0%| F|  |TAMS 0x0000000410800000| PB 0x0000000410800000| Untracked 
|   9|0x0000000411000000, 0x0000000411000000, 0x0000000411800000|  0%| F|  |TAMS 0x0000000411000000| PB 0x0000000411000000| Untracked 
|  10|0x0000000411800000, 0x0000000411800000, 0x0000000412000000|  0%| F|  |TAMS 0x0000000411800000| PB 0x0000000411800000| Untracked 
|  11|0x0000000412000000, 0x0000000412000000, 0x0000000412800000|  0%| F|  |TAMS 0x0000000412000000| PB 0x0000000412000000| Untracked 
|  12|0x0000000412800000, 0x0000000412800000, 0x0000000413000000|  0%| F|  |TAMS 0x0000000412800000| PB 0x0000000412800000| Untracked 
|  13|0x0000000413000000, 0x0000000413000000, 0x0000000413800000|  0%| F|  |TAMS 0x0000000413000000| PB 0x0000000413000000| Untracked 
|  14|0x0000000413800000, 0x0000000413800000, 0x0000000414000000|  0%| F|  |TAMS 0x0000000413800000| PB 0x0000000413800000| Untracked 
|  15|0x0000000414000000, 0x0000000414000000, 0x0000000414800000|  0%| F|  |TAMS 0x0000000414000000| PB 0x0000000414000000| Untracked 
|  16|0x0000000414800000, 0x0000000414800000, 0x0000000415000000|  0%| F|  |TAMS 0x0000000414800000| PB 0x0000000414800000| Untracked 
|  17|0x0000000415000000, 0x0000000415000000, 0x0000000415800000|  0%| F|  |TAMS 0x0000000415000000| PB 0x0000000415000000| Untracked 
|  18|0x0000000415800000, 0x0000000415800000, 0x0000000416000000|  0%| F|  |TAMS 0x0000000415800000| PB 0x0000000415800000| Untracked 
|  19|0x0000000416000000, 0x0000000416000000, 0x0000000416800000|  0%| F|  |TAMS 0x0000000416000000| PB 0x0000000416000000| Untracked 
|  20|0x0000000416800000, 0x0000000416800000, 0x0000000417000000|  0%| F|  |TAMS 0x0000000416800000| PB 0x0000000416800000| Untracked 
|  21|0x0000000417000000, 0x0000000417000000, 0x0000000417800000|  0%| F|  |TAMS 0x0000000417000000| PB 0x0000000417000000| Untracked 
|  22|0x0000000417800000, 0x0000000417800000, 0x0000000418000000|  0%| F|  |TAMS 0x0000000417800000| PB 0x0000000417800000| Untracked 
|  23|0x0000000418000000, 0x0000000418000000, 0x0000000418800000|  0%| F|  |TAMS 0x0000000418000000| PB 0x0000000418000000| Untracked 
|  24|0x0000000418800000, 0x0000000418800000, 0x0000000419000000|  0%| F|  |TAMS 0x0000000418800000| PB 0x0000000418800000| Untracked 
|  25|0x0000000419000000, 0x0000000419000000, 0x0000000419800000|  0%| F|  |TAMS 0x0000000419000000| PB 0x0000000419000000| Untracked 
|  26|0x0000000419800000, 0x0000000419800000, 0x000000041a000000|  0%| F|  |TAMS 0x0000000419800000| PB 0x0000000419800000| Untracked 
|  27|0x000000041a000000, 0x000000041a000000, 0x000000041a800000|  0%| F|  |TAMS 0x000000041a000000| PB 0x000000041a000000| Untracked 
|  28|0x000000041a800000, 0x000000041a800000, 0x000000041b000000|  0%| F|  |TAMS 0x000000041a800000| PB 0x000000041a800000| Untracked 
|  29|0x000000041b000000, 0x000000041b000000, 0x000000041b800000|  0%| F|  |TAMS 0x000000041b000000| PB 0x000000041b000000| Untracked 
|  30|0x000000041b800000, 0x000000041b800000, 0x000000041c000000|  0%| F|  |TAMS 0x000000041b800000| PB 0x000000041b800000| Untracked 
|  31|0x000000041c000000, 0x000000041c000000, 0x000000041c800000|  0%| F|  |TAMS 0x000000041c000000| PB 0x000000041c000000| Untracked 
|  32|0x000000041c800000, 0x000000041c800000, 0x000000041d000000|  0%| F|  |TAMS 0x000000041c800000| PB 0x000000041c800000| Untracked 
|  33|0x000000041d000000, 0x000000041d000000, 0x000000041d800000|  0%| F|  |TAMS 0x000000041d000000| PB 0x000000041d000000| Untracked 
|  34|0x000000041d800000, 0x000000041d800000, 0x000000041e000000|  0%| F|  |TAMS 0x000000041d800000| PB 0x000000041d800000| Untracked 
|  35|0x000000041e000000, 0x000000041e000000, 0x000000041e800000|  0%| F|  |TAMS 0x000000041e000000| PB 0x000000041e000000| Untracked 
|  36|0x000000041e800000, 0x000000041e800000, 0x000000041f000000|  0%| F|  |TAMS 0x000000041e800000| PB 0x000000041e800000| Untracked 
|  37|0x000000041f000000, 0x000000041f000000, 0x000000041f800000|  0%| F|  |TAMS 0x000000041f000000| PB 0x000000041f000000| Untracked 
|  38|0x000000041f800000, 0x000000041f800000, 0x0000000420000000|  0%| F|  |TAMS 0x000000041f800000| PB 0x000000041f800000| Untracked 
|  39|0x0000000420000000, 0x0000000420000000, 0x0000000420800000|  0%| F|  |TAMS 0x0000000420000000| PB 0x0000000420000000| Untracked 
|  40|0x0000000420800000, 0x0000000420800000, 0x0000000421000000|  0%| F|  |TAMS 0x0000000420800000| PB 0x0000000420800000| Untracked 
|  41|0x0000000421000000, 0x0000000421000000, 0x0000000421800000|  0%| F|  |TAMS 0x0000000421000000| PB 0x0000000421000000| Untracked 
|  42|0x0000000421800000, 0x0000000421800000, 0x0000000422000000|  0%| F|  |TAMS 0x0000000421800000| PB 0x0000000421800000| Untracked 
|  43|0x0000000422000000, 0x0000000422000000, 0x0000000422800000|  0%| F|  |TAMS 0x0000000422000000| PB 0x0000000422000000| Untracked 
|  44|0x0000000422800000, 0x0000000422800000, 0x0000000423000000|  0%| F|  |TAMS 0x0000000422800000| PB 0x0000000422800000| Untracked 
|  45|0x0000000423000000, 0x0000000423000000, 0x0000000423800000|  0%| F|  |TAMS 0x0000000423000000| PB 0x0000000423000000| Untracked 
|  46|0x0000000423800000, 0x0000000423800000, 0x0000000424000000|  0%| F|  |TAMS 0x0000000423800000| PB 0x0000000423800000| Untracked 
|  47|0x0000000424000000, 0x0000000424000000, 0x0000000424800000|  0%| F|  |TAMS 0x0000000424000000| PB 0x0000000424000000| Untracked 
|  48|0x0000000424800000, 0x0000000424800000, 0x0000000425000000|  0%| F|  |TAMS 0x0000000424800000| PB 0x0000000424800000| Untracked 
|  49|0x0000000425000000, 0x0000000425000000, 0x0000000425800000|  0%| F|  |TAMS 0x0000000425000000| PB 0x0000000425000000| Untracked 
|  50|0x0000000425800000, 0x0000000425800000, 0x0000000426000000|  0%| F|  |TAMS 0x0000000425800000| PB 0x0000000425800000| Untracked 
|  51|0x0000000426000000, 0x0000000426000000, 0x0000000426800000|  0%| F|  |TAMS 0x0000000426000000| PB 0x0000000426000000| Untracked 
|  52|0x0000000426800000, 0x0000000426800000, 0x0000000427000000|  0%| F|  |TAMS 0x0000000426800000| PB 0x0000000426800000| Untracked 
|  53|0x0000000427000000, 0x0000000427000000, 0x0000000427800000|  0%| F|  |TAMS 0x0000000427000000| PB 0x0000000427000000| Untracked 
|  54|0x0000000427800000, 0x0000000427800000, 0x0000000428000000|  0%| F|  |TAMS 0x0000000427800000| PB 0x0000000427800000| Untracked 
|  55|0x0000000428000000, 0x0000000428000000, 0x0000000428800000|  0%| F|  |TAMS 0x0000000428000000| PB 0x0000000428000000| Untracked 
|  56|0x0000000428800000, 0x0000000428800000, 0x0000000429000000|  0%| F|  |TAMS 0x0000000428800000| PB 0x0000000428800000| Untracked 
|  57|0x0000000429000000, 0x0000000429000000, 0x0000000429800000|  0%| F|  |TAMS 0x0000000429000000| PB 0x0000000429000000| Untracked 
|  58|0x0000000429800000, 0x0000000429800000, 0x000000042a000000|  0%| F|  |TAMS 0x0000000429800000| PB 0x0000000429800000| Untracked 
|  59|0x000000042a000000, 0x000000042a000000, 0x000000042a800000|  0%| F|  |TAMS 0x000000042a000000| PB 0x000000042a000000| Untracked 
|  60|0x000000042a800000, 0x000000042a800000, 0x000000042b000000|  0%| F|  |TAMS 0x000000042a800000| PB 0x000000042a800000| Untracked 
|  61|0x000000042b000000, 0x000000042b000000, 0x000000042b800000|  0%| F|  |TAMS 0x000000042b000000| PB 0x000000042b000000| Untracked 
|  62|0x000000042b800000, 0x000000042b800000, 0x000000042c000000|  0%| F|  |TAMS 0x000000042b800000| PB 0x000000042b800000| Untracked 
|  63|0x000000042c000000, 0x000000042c000000, 0x000000042c800000|  0%| F|  |TAMS 0x000000042c000000| PB 0x000000042c000000| Untracked 
|  64|0x000000042c800000, 0x000000042c800000, 0x000000042d000000|  0%| F|  |TAMS 0x000000042c800000| PB 0x000000042c800000| Untracked 
|  65|0x000000042d000000, 0x000000042d000000, 0x000000042d800000|  0%| F|  |TAMS 0x000000042d000000| PB 0x000000042d000000| Untracked 
|  66|0x000000042d800000, 0x000000042d800000, 0x000000042e000000|  0%| F|  |TAMS 0x000000042d800000| PB 0x000000042d800000| Untracked 
|  67|0x000000042e000000, 0x000000042e000000, 0x000000042e800000|  0%| F|  |TAMS 0x000000042e000000| PB 0x000000042e000000| Untracked 
|  68|0x000000042e800000, 0x000000042e800000, 0x000000042f000000|  0%| F|  |TAMS 0x000000042e800000| PB 0x000000042e800000| Untracked 
|  69|0x000000042f000000, 0x000000042f000000, 0x000000042f800000|  0%| F|  |TAMS 0x000000042f000000| PB 0x000000042f000000| Untracked 
|  70|0x000000042f800000, 0x000000042f800000, 0x0000000430000000|  0%| F|  |TAMS 0x000000042f800000| PB 0x000000042f800000| Untracked 
|  71|0x0000000430000000, 0x0000000430000000, 0x0000000430800000|  0%| F|  |TAMS 0x0000000430000000| PB 0x0000000430000000| Untracked 
|  72|0x0000000430800000, 0x0000000430800000, 0x0000000431000000|  0%| F|  |TAMS 0x0000000430800000| PB 0x0000000430800000| Untracked 
|  73|0x0000000431000000, 0x0000000431000000, 0x0000000431800000|  0%| F|  |TAMS 0x0000000431000000| PB 0x0000000431000000| Untracked 
|  74|0x0000000431800000, 0x0000000431800000, 0x0000000432000000|  0%| F|  |TAMS 0x0000000431800000| PB 0x0000000431800000| Untracked 
|  75|0x0000000432000000, 0x0000000432000000, 0x0000000432800000|  0%| F|  |TAMS 0x0000000432000000| PB 0x0000000432000000| Untracked 
|  76|0x0000000432800000, 0x0000000432800000, 0x0000000433000000|  0%| F|  |TAMS 0x0000000432800000| PB 0x0000000432800000| Untracked 
|  77|0x0000000433000000, 0x0000000433000000, 0x0000000433800000|  0%| F|  |TAMS 0x0000000433000000| PB 0x0000000433000000| Untracked 
|  78|0x0000000433800000, 0x0000000433800000, 0x0000000434000000|  0%| F|  |TAMS 0x0000000433800000| PB 0x0000000433800000| Untracked 
|  79|0x0000000434000000, 0x0000000434000000, 0x0000000434800000|  0%| F|  |TAMS 0x0000000434000000| PB 0x0000000434000000| Untracked 
|  80|0x0000000434800000, 0x0000000434800000, 0x0000000435000000|  0%| F|  |TAMS 0x0000000434800000| PB 0x0000000434800000| Untracked 
|  81|0x0000000435000000, 0x0000000435000000, 0x0000000435800000|  0%| F|  |TAMS 0x0000000435000000| PB 0x0000000435000000| Untracked 
|  82|0x0000000435800000, 0x0000000435800000, 0x0000000436000000|  0%| F|  |TAMS 0x0000000435800000| PB 0x0000000435800000| Untracked 
|  83|0x0000000436000000, 0x0000000436000000, 0x0000000436800000|  0%| F|  |TAMS 0x0000000436000000| PB 0x0000000436000000| Untracked 
|  84|0x0000000436800000, 0x0000000436800000, 0x0000000437000000|  0%| F|  |TAMS 0x0000000436800000| PB 0x0000000436800000| Untracked 
|  85|0x0000000437000000, 0x0000000437000000, 0x0000000437800000|  0%| F|  |TAMS 0x0000000437000000| PB 0x0000000437000000| Untracked 
|  86|0x0000000437800000, 0x0000000437800000, 0x0000000438000000|  0%| F|  |TAMS 0x0000000437800000| PB 0x0000000437800000| Untracked 
|  87|0x0000000438000000, 0x0000000438000000, 0x0000000438800000|  0%| F|  |TAMS 0x0000000438000000| PB 0x0000000438000000| Untracked 
|  88|0x0000000438800000, 0x0000000438800000, 0x0000000439000000|  0%| F|  |TAMS 0x0000000438800000| PB 0x0000000438800000| Untracked 
|  89|0x0000000439000000, 0x0000000439000000, 0x0000000439800000|  0%| F|  |TAMS 0x0000000439000000| PB 0x0000000439000000| Untracked 
|  90|0x0000000439800000, 0x0000000439800000, 0x000000043a000000|  0%| F|  |TAMS 0x0000000439800000| PB 0x0000000439800000| Untracked 
|  91|0x000000043a000000, 0x000000043a000000, 0x000000043a800000|  0%| F|  |TAMS 0x000000043a000000| PB 0x000000043a000000| Untracked 
|  92|0x000000043a800000, 0x000000043a800000, 0x000000043b000000|  0%| F|  |TAMS 0x000000043a800000| PB 0x000000043a800000| Untracked 
|  93|0x000000043b000000, 0x000000043b000000, 0x000000043b800000|  0%| F|  |TAMS 0x000000043b000000| PB 0x000000043b000000| Untracked 
|  94|0x000000043b800000, 0x000000043b800000, 0x000000043c000000|  0%| F|  |TAMS 0x000000043b800000| PB 0x000000043b800000| Untracked 
|  95|0x000000043c000000, 0x000000043c000000, 0x000000043c800000|  0%| F|  |TAMS 0x000000043c000000| PB 0x000000043c000000| Untracked 
|  96|0x000000043c800000, 0x000000043c800000, 0x000000043d000000|  0%| F|  |TAMS 0x000000043c800000| PB 0x000000043c800000| Untracked 
|  97|0x000000043d000000, 0x000000043d000000, 0x000000043d800000|  0%| F|  |TAMS 0x000000043d000000| PB 0x000000043d000000| Untracked 
|  98|0x000000043d800000, 0x000000043d800000, 0x000000043e000000|  0%| F|  |TAMS 0x000000043d800000| PB 0x000000043d800000| Untracked 
|  99|0x000000043e000000, 0x000000043e000000, 0x000000043e800000|  0%| F|  |TAMS 0x000000043e000000| PB 0x000000043e000000| Untracked 
| 100|0x000000043e800000, 0x000000043e800000, 0x000000043f000000|  0%| F|  |TAMS 0x000000043e800000| PB 0x000000043e800000| Untracked 
| 101|0x000000043f000000, 0x000000043f000000, 0x000000043f800000|  0%| F|  |TAMS 0x000000043f000000| PB 0x000000043f000000| Untracked 
| 102|0x000000043f800000, 0x000000043f800000, 0x0000000440000000|  0%| F|  |TAMS 0x000000043f800000| PB 0x000000043f800000| Untracked 
| 103|0x0000000440000000, 0x0000000440000000, 0x0000000440800000|  0%| F|  |TAMS 0x0000000440000000| PB 0x0000000440000000| Untracked 
| 104|0x0000000440800000, 0x0000000440800000, 0x0000000441000000|  0%| F|  |TAMS 0x0000000440800000| PB 0x0000000440800000| Untracked 
| 105|0x0000000441000000, 0x0000000441000000, 0x0000000441800000|  0%| F|  |TAMS 0x0000000441000000| PB 0x0000000441000000| Untracked 
| 106|0x0000000441800000, 0x0000000441800000, 0x0000000442000000|  0%| F|  |TAMS 0x0000000441800000| PB 0x0000000441800000| Untracked 
| 107|0x0000000442000000, 0x0000000442000000, 0x0000000442800000|  0%| F|  |TAMS 0x0000000442000000| PB 0x0000000442000000| Untracked 
| 108|0x0000000442800000, 0x0000000442800000, 0x0000000443000000|  0%| F|  |TAMS 0x0000000442800000| PB 0x0000000442800000| Untracked 
| 109|0x0000000443000000, 0x0000000443000000, 0x0000000443800000|  0%| F|  |TAMS 0x0000000443000000| PB 0x0000000443000000| Untracked 
| 110|0x0000000443800000, 0x0000000443800000, 0x0000000444000000|  0%| F|  |TAMS 0x0000000443800000| PB 0x0000000443800000| Untracked 
| 111|0x0000000444000000, 0x0000000444000000, 0x0000000444800000|  0%| F|  |TAMS 0x0000000444000000| PB 0x0000000444000000| Untracked 
| 112|0x0000000444800000, 0x0000000444800000, 0x0000000445000000|  0%| F|  |TAMS 0x0000000444800000| PB 0x0000000444800000| Untracked 
| 113|0x0000000445000000, 0x0000000445000000, 0x0000000445800000|  0%| F|  |TAMS 0x0000000445000000| PB 0x0000000445000000| Untracked 
| 114|0x0000000445800000, 0x0000000445800000, 0x0000000446000000|  0%| F|  |TAMS 0x0000000445800000| PB 0x0000000445800000| Untracked 
| 115|0x0000000446000000, 0x0000000446000000, 0x0000000446800000|  0%| F|  |TAMS 0x0000000446000000| PB 0x0000000446000000| Untracked 
| 116|0x0000000446800000, 0x0000000446800000, 0x0000000447000000|  0%| F|  |TAMS 0x0000000446800000| PB 0x0000000446800000| Untracked 
| 117|0x0000000447000000, 0x0000000447000000, 0x0000000447800000|  0%| F|  |TAMS 0x0000000447000000| PB 0x0000000447000000| Untracked 
| 118|0x0000000447800000, 0x0000000447800000, 0x0000000448000000|  0%| F|  |TAMS 0x0000000447800000| PB 0x0000000447800000| Untracked 
| 119|0x0000000448000000, 0x0000000448000000, 0x0000000448800000|  0%| F|  |TAMS 0x0000000448000000| PB 0x0000000448000000| Untracked 
| 120|0x0000000448800000, 0x0000000448800000, 0x0000000449000000|  0%| F|  |TAMS 0x0000000448800000| PB 0x0000000448800000| Untracked 
| 121|0x0000000449000000, 0x0000000449000000, 0x0000000449800000|  0%| F|  |TAMS 0x0000000449000000| PB 0x0000000449000000| Untracked 
| 122|0x0000000449800000, 0x0000000449800000, 0x000000044a000000|  0%| F|  |TAMS 0x0000000449800000| PB 0x0000000449800000| Untracked 
| 123|0x000000044a000000, 0x000000044a000000, 0x000000044a800000|  0%| F|  |TAMS 0x000000044a000000| PB 0x000000044a000000| Untracked 
| 124|0x000000044a800000, 0x000000044a800000, 0x000000044b000000|  0%| F|  |TAMS 0x000000044a800000| PB 0x000000044a800000| Untracked 
| 125|0x000000044b000000, 0x000000044b7fd6d8, 0x000000044b800000| 99%| E|  |TAMS 0x000000044b000000| PB 0x000000044b000000| Complete 
| 126|0x000000044b800000, 0x000000044c000000, 0x000000044c000000|100%| E|CS|TAMS 0x000000044b800000| PB 0x000000044b800000| Complete 

Card table byte_map: [0x000001f6d2640000,0x000001f6d45e0000] _byte_map_base: 0x000001f6d05dc000

Marking Bits: (CMBitMap*) 0x000001f6e44507d0
 Bits: [0x000001f6d45e0000, 0x000001f6e42c0000)

Polling page: 0x000001f6b44f0000

Metaspace:

Usage:
  Non-class:      1.24 MB used.
      Class:    100.41 KB used.
       Both:      1.34 MB used.

Virtual space:
  Non-class space:       64.00 MB reserved,       1.25 MB (  2%) committed,  1 nodes.
      Class space:        1.00 GB reserved,     192.00 KB ( <1%) committed,  1 nodes.
             Both:        1.06 GB reserved,       1.44 MB ( <1%) committed. 

Chunk freelists:
   Non-Class:  11.81 MB
       Class:  15.70 MB
        Both:  27.51 MB

MaxMetaspaceSize: unlimited
CompressedClassSpaceSize: 1.00 GB
Initial GC threshold: 21.00 MB
Current GC threshold: 21.00 MB
CDS: on
 - commit_granule_bytes: 65536.
 - commit_granule_words: 8192.
 - virtual_space_node_default_size: 8388608.
 - enlarge_chunks_in_place: 1.
 - use_allocation_guard: 0.


Internal statistics:

num_allocs_failed_limit: 0.
num_arena_births: 14.
num_arena_deaths: 0.
num_vsnodes_births: 2.
num_vsnodes_deaths: 0.
num_space_committed: 24.
num_space_uncommitted: 0.
num_chunks_returned_to_freelist: 0.
num_chunks_taken_from_freelist: 35.
num_chunk_merges: 0.
num_chunk_splits: 18.
num_chunks_enlarged: 10.
num_inconsistent_stats: 0.

CodeHeap 'non-profiled nmethods': size=117184Kb used=108Kb max_used=108Kb free=117075Kb
 bounds [0x000001f6c8110000, 0x000001f6c8380000, 0x000001f6cf380000]
CodeHeap 'profiled nmethods': size=117184Kb used=891Kb max_used=891Kb free=116292Kb
 bounds [0x000001f6c0380000, 0x000001f6c05f0000, 0x000001f6c75f0000]
CodeHeap 'non-nmethods': size=11392Kb used=4824Kb max_used=4824Kb free=6567Kb
 bounds [0x000001f6c75f0000, 0x000001f6c7ab0000, 0x000001f6c8110000]
 total_blobs=965 nmethods=542 adapters=340
 compilation: enabled
              stopped_count=0, restarted_count=0
 full_count=0

JVMCI Events (20 events):
Event: 0.097 Thread 0x000001f72964df90 attached to JVMCI runtime 3
Event: 0.097 Thread 0x000001f72964d8e0 [s\open\src\hotspot\share\compiler\compileBroker.cpp:2197] Error creating libjvmci (err: -1000000801)
Event: 0.097 Thread 0x000001f7290b4ae0 [s\open\src\hotspot\share\compiler\compileBroker.cpp:2197] Error attaching to libjvmci (err: -4)
Event: 0.097 Thread 0x000001f72964df90 [s\open\src\hotspot\share\compiler\compileBroker.cpp:2197] Error creating libjvmci (err: -1000000801)
Event: 0.097 Thread 0x000001f72964d8e0 [s\open\src\hotspot\share\compiler\compileBroker.cpp:2197] Error creating libjvmci (err: -1000000801)
Event: 0.097 Thread 0x000001f729637380 [s\open\src\hotspot\share\compiler\compileBroker.cpp:2197] Error creating libjvmci (err: -1000000801)
Event: 0.097 Thread 0x000001f72964df90 [s\open\src\hotspot\share\compiler\compileBroker.cpp:2197] Error creating libjvmci (err: -1000000801)
Event: 0.097 Thread 0x000001f72964d8e0 [s\open\src\hotspot\share\compiler\compileBroker.cpp:2197] Error creating libjvmci (err: -1000000801)
Event: 0.098 Thread 0x000001f729637380 [s\open\src\hotspot\share\compiler\compileBroker.cpp:2197] Error creating libjvmci (err: -1000000801)
Event: 0.098 Thread 0x000001f72964df90 [s\open\src\hotspot\share\compiler\compileBroker.cpp:2197] Error creating libjvmci (err: -1000000801)
Event: 0.098 Thread 0x000001f72964d8e0 [s\open\src\hotspot\share\compiler\compileBroker.cpp:2197] Error creating libjvmci (err: -1000000801)
Event: 0.098 Thread 0x000001f72964df90 [s\open\src\hotspot\share\compiler\compileBroker.cpp:2197] Error creating libjvmci (err: -1000000801)
Event: 0.098 Thread 0x000001f72964d8e0 [s\open\src\hotspot\share\compiler\compileBroker.cpp:2197] Error creating libjvmci (err: -1000000801)
Event: 0.098 Thread 0x000001f729637380 [s\open\src\hotspot\share\compiler\compileBroker.cpp:2197] Error creating libjvmci (err: -1000000801)
Event: 0.098 Thread 0x000001f72964df90 [s\open\src\hotspot\share\compiler\compileBroker.cpp:2197] Error creating libjvmci (err: -1000000801)
Event: 0.098 Thread 0x000001f72964d8e0 [s\open\src\hotspot\share\compiler\compileBroker.cpp:2197] Error creating libjvmci (err: -1000000801)
Event: 0.099 Thread 0x000001f72964df90 [s\open\src\hotspot\share\compiler\compileBroker.cpp:2197] Error creating libjvmci (err: -1000000801)
Event: 0.099 Thread 0x000001f7290b4ae0 uncaught exception in call_HotSpotJVMCIRuntime_compileMethod [nested exception occurred converting exception to string]
Event: 0.099 Thread 0x000001f7290b4ae0 JVMCI upcall had an error: uncaught exception in call_HotSpotJVMCIRuntime_compileMethod [nested exception occurred converting exception to string]
Event: 0.099 Thread 0x000001f7290b4ae0 nested exception occurred converting exception stack to string

Compilation events (20 events):
Event: 0.098 Thread 0x000001f72911a710 nmethod 516 0x000001f6c043e010 code [0x000001f6c043e320, 0x000001f6c043f578]
Event: 0.098 Thread 0x000001f72922ca10 nmethod 520 0x000001f6c043fa90 code [0x000001f6c043fd40, 0x000001f6c04407e8]
Event: 0.098 Thread 0x000001f7292e7590  526       3       jdk.internal.org.objectweb.asm.SymbolTable::put (150 bytes)
Event: 0.098 Thread 0x000001f72964df90 

Event: 0.098 Thread 0x000001f72964df90  387       4       jdk.internal.misc.Unsafe::putReferenceRelease (9 bytes)
Event: 0.098 Thread 0x000001f72922d0c0 nmethod 511% 0x000001f6c0440a90 code [0x000001f6c0440ea0, 0x000001f6c0444278]
Event: 0.098 Thread 0x000001f72964d8e0 

Event: 0.098 Thread 0x000001f729637380 

Event: 0.098 Thread 0x000001f7292f3050 nmethod 525 0x000001f6c0444f90 code [0x000001f6c0445140, 0x000001f6c04453e8]
Event: 0.098 Thread 0x000001f7292e8050 nmethod 524 0x000001f6c0445510 code [0x000001f6c04456c0, 0x000001f6c04458d8]
Event: 0.098 Thread 0x000001f72964d8e0  308       4       java.util.zip.ZipUtils::get16 (21 bytes)
Event: 0.098 Thread 0x000001f72964df90 

Event: 0.098 Thread 0x000001f72964d8e0 

Event: 0.098 Thread 0x000001f7292f3050  527       3       java.util.Properties::loadConvert (540 bytes)
Event: 0.098 Thread 0x000001f7292e7590 nmethod 526 0x000001f6c0445a10 code [0x000001f6c0445c00, 0x000001f6c0446740]
Event: 0.099 Thread 0x000001f72964df90  528       4       java.util.Objects::requireNonNull (14 bytes)
Event: 0.099 Thread 0x000001f72964df90 

Event: 0.099 Thread 0x000001f7292f3050 nmethod 527 0x000001f6c0446a10 code [0x000001f6c0446d00, 0x000001f6c0448098]
Event: 0.099 Thread 0x000001f7292e7590  529       3       jdk.internal.jimage.ImageLocation::readValue (61 bytes)
Event: 0.099 Thread 0x000001f72964d8e0  530       4       java.nio.DirectByteBuffer::ix (10 bytes)

GC Heap History (0 events):
No events

Dll operation events (7 events):
Event: 0.003 Loaded shared library D:\java-sdk\graalvm-jdk-21\graalvm-jdk-21.0.3+7.1\bin\java.dll
Event: 0.023 Loaded shared library D:\java-sdk\graalvm-jdk-21\graalvm-jdk-21.0.3+7.1\bin\jsvml.dll
Event: 0.055 Loaded shared library D:\java-sdk\graalvm-jdk-21\graalvm-jdk-21.0.3+7.1\bin\jvmcicompiler.dll
Event: 0.057 Loaded shared library D:\java-sdk\graalvm-jdk-21\graalvm-jdk-21.0.3+7.1\bin\net.dll
Event: 0.057 Loaded shared library D:\java-sdk\graalvm-jdk-21\graalvm-jdk-21.0.3+7.1\bin\nio.dll
Event: 0.059 Loaded shared library D:\java-sdk\graalvm-jdk-21\graalvm-jdk-21.0.3+7.1\bin\zip.dll
Event: 0.066 Loaded shared library D:\java-sdk\graalvm-jdk-21\graalvm-jdk-21.0.3+7.1\bin\jimage.dll

Deoptimization events (2 events):
Event: 0.093 Thread 0x000001f6b423bb30 DEOPT PACKING pc=0x000001f6c0424716 sp=0x000000ef675f89f0
Event: 0.093 Thread 0x000001f6b423bb30 DEOPT UNPACKING pc=0x000001f6c7648fe3 sp=0x000000ef675f7e68 mode 0

Classes loaded (20 events):
Event: 0.085 Loading class sun/util/resources/TimeZoneNames done
Event: 0.085 Loading class java/io/Reader done
Event: 0.085 Loading class java/io/InputStreamReader
Event: 0.085 Loading class java/io/InputStreamReader done
Event: 0.085 Loading class java/io/StringWriter
Event: 0.085 Loading class java/io/StringWriter done
Event: 0.085 Loading class sun/util/resources/TimeZoneNames_en
Event: 0.085 Loading class sun/util/resources/TimeZoneNames_en done
Event: 0.089 Loading class java/util/Vector
Event: 0.089 Loading class java/util/Vector done
Event: 0.092 Loading class java/lang/ArrayIndexOutOfBoundsException
Event: 0.092 Loading class java/lang/IndexOutOfBoundsException
Event: 0.092 Loading class java/lang/IndexOutOfBoundsException done
Event: 0.092 Loading class java/lang/ArrayIndexOutOfBoundsException done
Event: 0.092 Loading class java/lang/NegativeArraySizeException
Event: 0.092 Loading class java/lang/NegativeArraySizeException done
Event: 0.092 Loading class java/lang/Byte$ByteCache
Event: 0.093 Loading class java/lang/Byte$ByteCache done
Event: 0.093 Loading class java/lang/Short$ShortCache
Event: 0.093 Loading class java/lang/Short$ShortCache done

Classes unloaded (0 events):
No events

Classes redefined (0 events):
No events

Internal exceptions (1 events):
Event: 0.087 Thread 0x000001f7290b4ae0 Exception <a 'java/lang/NoSuchMethodError'{0x000000044b43a198}: 'java.lang.Object java.lang.invoke.Invokers$Holder.invokeExact_MT(java.lang.Object, java.lang.Object, java.lang.Object, java.lang.Object, java.lang.Object, java.lang.Object)'> (0x000000044b43a198) 
thrown [s\open\src\hotspot\share\interpreter\linkResolver.cpp, line 773]

ZGC Phase Switch (0 events):
No events

VM Operations (4 events):
Event: 0.048 Executing VM operation: HandshakeAllThreads (Deoptimize)
Event: 0.048 Executing VM operation: HandshakeAllThreads (Deoptimize) done
Event: 0.073 Executing VM operation: HandshakeAllThreads (Deoptimize)
Event: 0.073 Executing VM operation: HandshakeAllThreads (Deoptimize) done

Events (20 events):
Event: 0.011 Thread 0x000001f6b423bb30 Thread added: 0x000001f6b423bb30
Event: 0.022 Thread 0x000001f7290a9440 Thread added: 0x000001f7290a9440
Event: 0.022 Thread 0x000001f7290aa510 Thread added: 0x000001f7290aa510
Event: 0.022 Thread 0x000001f7290ad690 Thread added: 0x000001f7290ad690
Event: 0.022 Thread 0x000001f7290aec50 Thread added: 0x000001f7290aec50
Event: 0.022 Thread 0x000001f7290b2be0 Thread added: 0x000001f7290b2be0
Event: 0.022 Thread 0x000001f7290b3a70 Thread added: 0x000001f7290b3a70
Event: 0.022 Thread 0x000001f7290b4ae0 Thread added: 0x000001f7290b4ae0
Event: 0.022 Thread 0x000001f7290b7b40 Thread added: 0x000001f7290b7b40
Event: 0.023 Thread 0x000001f72911a710 Thread added: 0x000001f72911a710
Event: 0.045 Thread 0x000001f7292260f0 Thread added: 0x000001f7292260f0
Event: 0.048 Thread 0x000001f72922ca10 Thread added: 0x000001f72922ca10
Event: 0.048 Thread 0x000001f72922d0c0 Thread added: 0x000001f72922d0c0
Event: 0.054 Thread 0x000001f7292b5ce0 Thread added: 0x000001f7292b5ce0
Event: 0.061 Thread 0x000001f7292e7590 Thread added: 0x000001f7292e7590
Event: 0.061 Thread 0x000001f7292e8050 Thread added: 0x000001f7292e8050
Event: 0.061 Thread 0x000001f7292f3050 Thread added: 0x000001f7292f3050
Event: 0.096 Thread 0x000001f729637380 Thread added: 0x000001f729637380
Event: 0.096 Thread 0x000001f72964d8e0 Thread added: 0x000001f72964d8e0
Event: 0.096 Thread 0x000001f72964df90 Thread added: 0x000001f72964df90


Dynamic libraries:
0x00007ff7ee630000 - 0x00007ff7ee640000 	D:\java-sdk\graalvm-jdk-21\graalvm-jdk-21.0.3+7.1\bin\java.exe
0x00007fff0c5d0000 - 0x00007fff0c7e7000 	C:\Windows\SYSTEM32\ntdll.dll
0x00007fff0b860000 - 0x00007fff0b924000 	C:\Windows\System32\KERNEL32.DLL
0x00007fff09b60000 - 0x00007fff09f0d000 	C:\Windows\System32\KERNELBASE.dll
0x00007fff0a100000 - 0x00007fff0a211000 	C:\Windows\System32\ucrtbase.dll
0x00007ffee6f40000 - 0x00007ffee6f59000 	D:\java-sdk\graalvm-jdk-21\graalvm-jdk-21.0.3+7.1\bin\jli.dll
0x00007ffee6ed0000 - 0x00007ffee6eeb000 	D:\java-sdk\graalvm-jdk-21\graalvm-jdk-21.0.3+7.1\bin\VCRUNTIME140.dll
0x00007fff0c470000 - 0x00007fff0c522000 	C:\Windows\System32\ADVAPI32.dll
0x00007fff0ab70000 - 0x00007fff0ac17000 	C:\Windows\System32\msvcrt.dll
0x00007fff0a5c0000 - 0x00007fff0a669000 	C:\Windows\System32\sechost.dll
0x00007fff09a70000 - 0x00007fff09a98000 	C:\Windows\System32\bcrypt.dll
0x00007fff0c320000 - 0x00007fff0c434000 	C:\Windows\System32\RPCRT4.dll
0x00007fff0c170000 - 0x00007fff0c31e000 	C:\Windows\System32\USER32.dll
0x00007fff09fb0000 - 0x00007fff09fd6000 	C:\Windows\System32\win32u.dll
0x00007fff0c440000 - 0x00007fff0c469000 	C:\Windows\System32\GDI32.dll
0x00007ffefb8f0000 - 0x00007ffefbb83000 	C:\Windows\WinSxS\amd64_microsoft.windows.common-controls_6595b64144ccf1df_6.0.22621.3672_none_2713b9d173822955\COMCTL32.dll
0x00007fff09fe0000 - 0x00007fff0a0f9000 	C:\Windows\System32\gdi32full.dll
0x00007fff09f10000 - 0x00007fff09faa000 	C:\Windows\System32\msvcp_win.dll
0x00007ffefee80000 - 0x00007ffefee8a000 	C:\Windows\SYSTEM32\VERSION.dll
0x00007fff0c120000 - 0x00007fff0c151000 	C:\Windows\System32\IMM32.DLL
0x00007ffeecd40000 - 0x00007ffeecd4c000 	D:\java-sdk\graalvm-jdk-21\graalvm-jdk-21.0.3+7.1\bin\vcruntime140_1.dll
0x00007ffed8b00000 - 0x00007ffed8b8e000 	D:\java-sdk\graalvm-jdk-21\graalvm-jdk-21.0.3+7.1\bin\msvcp140.dll
0x00007ffea9680000 - 0x00007ffeaa397000 	D:\java-sdk\graalvm-jdk-21\graalvm-jdk-21.0.3+7.1\bin\server\jvm.dll
0x00007fff0a380000 - 0x00007fff0a3f1000 	C:\Windows\System32\WS2_32.dll
0x00007fff08750000 - 0x00007fff0879d000 	C:\Windows\SYSTEM32\POWRPROF.dll
0x00007ffefcc50000 - 0x00007ffefcc84000 	C:\Windows\SYSTEM32\WINMM.dll
0x00007fff08730000 - 0x00007fff08743000 	C:\Windows\SYSTEM32\UMPDC.dll
0x00007fff089e0000 - 0x00007fff089f8000 	C:\Windows\SYSTEM32\kernel.appcore.dll
0x00007ffeecd10000 - 0x00007ffeecd1a000 	D:\java-sdk\graalvm-jdk-21\graalvm-jdk-21.0.3+7.1\bin\jimage.dll
0x00007fff01160000 - 0x00007fff01392000 	C:\Windows\SYSTEM32\DBGHELP.DLL
0x00007fff0bd90000 - 0x00007fff0c118000 	C:\Windows\System32\combase.dll
0x00007fff0aca0000 - 0x00007fff0ad77000 	C:\Windows\System32\OLEAUT32.dll
0x00007ffefa2e0000 - 0x00007ffefa312000 	C:\Windows\SYSTEM32\dbgcore.DLL
0x00007fff0a290000 - 0x00007fff0a30b000 	C:\Windows\System32\bcryptPrimitives.dll
0x00007ffee6eb0000 - 0x00007ffee6ecf000 	D:\java-sdk\graalvm-jdk-21\graalvm-jdk-21.0.3+7.1\bin\java.dll
0x00007fff0ada0000 - 0x00007fff0b5ff000 	C:\Windows\System32\SHELL32.dll
0x00007fff07810000 - 0x00007fff0810c000 	C:\Windows\SYSTEM32\windows.storage.dll
0x00007fff076d0000 - 0x00007fff0780f000 	C:\Windows\SYSTEM32\wintypes.dll
0x00007fff0b930000 - 0x00007fff0ba24000 	C:\Windows\System32\SHCORE.dll
0x00007fff0c530000 - 0x00007fff0c58e000 	C:\Windows\System32\shlwapi.dll
0x00007fff09830000 - 0x00007fff09851000 	C:\Windows\SYSTEM32\profapi.dll
0x00007ffed7bb0000 - 0x00007ffed7c87000 	D:\java-sdk\graalvm-jdk-21\graalvm-jdk-21.0.3+7.1\bin\jsvml.dll
0x00007ffea6720000 - 0x00007ffea967b000 	D:\java-sdk\graalvm-jdk-21\graalvm-jdk-21.0.3+7.1\bin\jvmcicompiler.dll
0x00007fff0c160000 - 0x00007fff0c168000 	C:\Windows\System32\PSAPI.DLL
0x00007fff09900000 - 0x00007fff09a67000 	C:\Windows\System32\CRYPT32.dll
0x00007fff08ee0000 - 0x00007fff08f08000 	C:\Windows\SYSTEM32\USERENV.dll
0x00007fff09290000 - 0x00007fff092be000 	C:\Windows\SYSTEM32\ncrypt.dll
0x00007fff083e0000 - 0x00007fff0840d000 	C:\Windows\SYSTEM32\IPHLPAPI.DLL
0x00007fff08e40000 - 0x00007fff08ea9000 	C:\Windows\SYSTEM32\MSWSOCK.dll
0x00007fff09250000 - 0x00007fff09287000 	C:\Windows\SYSTEM32\NTASN1.dll
0x00007ffee7ad0000 - 0x00007ffee7ae0000 	D:\java-sdk\graalvm-jdk-21\graalvm-jdk-21.0.3+7.1\bin\net.dll
0x00007fff057a0000 - 0x00007fff058d6000 	C:\Windows\SYSTEM32\WINHTTP.dll
0x00007ffee5360000 - 0x00007ffee5376000 	D:\java-sdk\graalvm-jdk-21\graalvm-jdk-21.0.3+7.1\bin\nio.dll
0x00007ffee5380000 - 0x00007ffee5398000 	D:\java-sdk\graalvm-jdk-21\graalvm-jdk-21.0.3+7.1\bin\zip.dll
0x00007fff0b850000 - 0x00007fff0b859000 	C:\Windows\System32\NSI.dll

dbghelp: loaded successfully - version: 4.0.5 - missing functions: none
symbol engine: initialized successfully - sym options: 0x614 - pdb path: .;D:\java-sdk\graalvm-jdk-21\graalvm-jdk-21.0.3+7.1\bin;C:\Windows\SYSTEM32;C:\Windows\WinSxS\amd64_microsoft.windows.common-controls_6595b64144ccf1df_6.0.22621.3672_none_2713b9d173822955;D:\java-sdk\graalvm-jdk-21\graalvm-jdk-21.0.3+7.1\bin\server

VM Arguments:
jvm_args: -XX:ThreadPriorityPolicy=1 -XX:+UnlockExperimentalVMOptions -XX:+EnableJVMCIProduct -XX:-UnlockExperimentalVMOptions -ea -Dvisualvm.display.name=spring-learning%PID -Dvisualvm.id=1720957747586 -XX:+ShowCodeDetailsInExceptionMessages -Dfile.encoding=UTF-8 
java_command: org.eclipse.jdt.internal.junit.runner.RemoteTestRunner -version 3 -port 60929 -testLoaderClass org.eclipse.jdt.internal.junit5.runner.JUnit5TestLoader -loaderpluginname org.eclipse.jdt.junit5.runtime -test org.annotation.bean.BeanTest:test_bean
java_class_path (initial): d:\github\spring-sandbox\spring-learning\spring-annotation\build\resources\test;d:\github\spring-sandbox\spring-learning\spring-annotation\build\classes\java\test;d:\github\spring-sandbox\spring-learning\spring-annotation\build\resources\main;d:\github\spring-sandbox\spring-learning\spring-annotation\build\classes\java\main;\spring-annotation\bin;c:\Users\itachi\.gradle\caches\modules-2\files-2.1\org.apache.tomcat.embed\tomcat-embed-el\10.1.25\2f030e4971e29245c10e58723fb6b364ce23933b\tomcat-embed-el-10.1.25.jar;c:\Users\itachi\.gradle\caches\modules-2\files-2.1\org.slf4j\jul-to-slf4j\2.0.13\a3bcd9d9dd50c71ce69f06b1fd05e40fdeff6ba5\jul-to-slf4j-2.0.13.jar;c:\Users\itachi\.gradle\caches\modules-2\files-2.1\org.springframework\spring-expression\6.1.11\7c12cf1cd39289cfab7c5933eda9e4704a7f2799\spring-expression-6.1.11.jar;c:\Users\itachi\.gradle\caches\modules-2\files-2.1\org.springframework\spring-context\6.1.11\8fc69f776333713aa26be8821af8c6355ccad8d8\spring-context-6.1.11.jar;c:\Users\itachi\.gradle\caches\modules-2\files-2.1\org.springframework.boot\spring-boot-starter-logging\3.3.1\2097eebccdf7556cf42c8a74a5da64420ac143a1\spring-boot-starter-logging-3.3.1.jar;c:\Users\itachi\.gradle\caches\modules-2\files-2.1\jakarta.annotation\jakarta.annotation-api\2.1.1\48b9bda22b091b1f48b13af03fe36db3be6e1ae3\jakarta.annotation-api-2.1.1.jar;c:\Users\itachi\.gradle\caches\modules-2\files-2.1\org.springframework\spring-aop\6.1.11\3503ef99b759b81f8b0b3d5260bf4842e393a581\spring-aop-6.1.11.jar;c:\Users\itachi\.gradle\caches\modules-2\files-2.1\org.springframework.boot\spring-boot-autoconfigure\3.3.1\36a6489e3ba5e34163bddb5134021de9ce101abc\spring-boot-autoconfigure-3.3.1.jar;c:\Users\itachi\.gradle\caches\modules-2\files-2.1\org.slf4j\slf4j-api\2.0.13\80229737f704b121a318bba5d5deacbcf395bc77\slf4j-api-2.0.13.jar;c:\Users\itachi\.gradle\caches\modules-2\files-2.1\org.springframework.boot\spring-boot-starter\3.3.1\30e0ac13cfa51c77db60909ea28572a1e973f186\spring-boot-starter-3.3.1.jar;c:\Users\itachi\.gradle\caches\modules-2\files-2.1\org.springframework\spring-beans\6.1.11\266176d132ab2bbf8e69e4aa6d7f47ec746ddc9a\spring-beans-6.1.11.jar;c:\Users\itachi\.gradle\caches\modules-2\files-2.1\io.micrometer\micrometer-observation\1.12.8\33e6ba3ca270e66b9c6145585f62f53f7e651fae\micrometer-observation-1.12.8.jar;c:\Users\itachi\.gradle\caches\modules-2\files-2.1\com.fasterxml.jackson.core\jackson-databind\2.17.1\524dcbcccdde7d45a679dfc333e4763feb09079\jackson-databind-2.17.1.jar;c:\Users\itachi\.gradle\caches\modules-2\files-2.1\com.fasterxml.jackson.core\jackson-annotations\2.17.1\fca7ef6192c9ad05d07bc50da991bf937a84af3a\jackson-annotations-2.17.1.jar;c:\Users\itachi\.gradle\caches\modules-2\files-2.1\org.springframework\spring-jcl\6.1.11\97b34c6b72c8084759e71cd09a7dad16bfb8f1da\spring-jcl-6.1.11.jar;c:\Users\itachi\.gradle\caches\modules-2\files-2.1\com.fasterxml.jackson.datatype\jackson-datatype-jdk8\2.17.1\76b495194c36058904c82e288d285a1bd13f0ffa\jackson-datatype-jdk8-2.17.1.jar;c:\Users\itachi\.gradle\caches\modules-2\files-2.1\org.apache.logging.log4j\log4j-to-slf4j\2.23.1\425ad1eb8a39904d2830e907a324e956fb456520\log4j-to-slf4j-2.23.1.jar;c:\Users\itachi\.gradle\caches\modules-2\files-2.1\ch.qos.logback\logback-core\1.5.6\41cbe874701200c5624c19e0ab50d1b88dfcc77d\logback-core-1.5.6.jar;c:\Users\itachi\.gradle\caches\modules-2\files-2.1\org.springframework.boot\spring-boot-starter-tomcat\3.3.1\78bc3dedeb8abcea03f35d24f6779e0a3c6080d2\spring-boot-starter-tomcat-3.3.1.jar;c:\Users\itachi\.gradle\caches\modules-2\files-2.1\org.apache.logging.log4j\log4j-api\2.23.1\9c15c29c526d9c6783049c0a77722693c66706e1\log4j-api-2.23.1.jar;c:\Users\itachi\.gradle\caches\modules-2\files-2.1\org.springframework.boot\spring-boot\3.3.1\2c5cfe68bc12646ce44663f865d39c747a28f2c7\spring-boot-3.3.1.jar;c:\Users\itachi\.gradle\caches\modules-2\files-2.1\com.fasterxml.jackson.module\jackson-module-parameter-names\2.17.1\74a998f6fbcedbddedf0a27e8ce72078b2e516a6\jackson-module-parameter-names-2.17.1.jar;c:\Users\itachi\.gradle\caches\modules-2\files-2.1\org.springframework\spring-core\6.1.11\90fce4311852c68c1e87c65adf60db9add1a6dcb\spring-core-6.1.11.jar;c:\Users\itachi\.gradle\caches\modules-2\files-2.1\org.yaml\snakeyaml\2.2\3af797a25458550a16bf89acc8e4ab2b7f2bfce0\snakeyaml-2.2.jar;c:\Users\itachi\.gradle\caches\modules-2\files-2.1\org.springframework.boot\spring-boot-starter-web\3.3.1\ec812e82a010d089438b6ac98ebe294f2e540f71\spring-boot-starter-web-3.3.1.jar;c:\Users\itachi\.gradle\caches\modules-2\files-2.1\io.micrometer\micrometer-commons\1.12.8\5683b9834ddb02244076a5acc404c9aed0adf8ee\micrometer-commons-1.12.8.jar;c:\Users\itachi\.gradle\caches\modules-2\files-2.1\org.springframework.boot\spring-boot-starter-json\3.3.1\b78d1ce67c3a44e8a2c2799b70e8c216166d0f5b\spring-boot-starter-json-3.3.1.jar;c:\Users\itachi\.gradle\caches\modules-2\files-2.1\com.fasterxml.jackson.core\jackson-core\2.17.1\5e52a11644cd59a28ef79f02bddc2cc3bab45edb\jackson-core-2.17.1.jar;c:\Users\itachi\.gradle\caches\modules-2\files-2.1\com.fasterxml.jackson.datatype\jackson-datatype-jsr310\2.17.1\969b0c3cb8c75d759e9a6c585c44c9b9f3a4f75\jackson-datatype-jsr310-2.17.1.jar;c:\Users\itachi\.gradle\caches\modules-2\files-2.1\org.apache.tomcat.embed\tomcat-embed-websocket\10.1.25\efd7848a9677e9a7cf8367b43213805eca70805\tomcat-embed-websocket-10.1.25.jar;c:\Users\itachi\.gradle\caches\modules-2\files-2.1\org.springframework\spring-webmvc\6.1.11\9ec4c2a5e28bf7b2d60e254e976940b12c8ba32a\spring-webmvc-6.1.11.jar;c:\Users\itachi\.gradle\caches\modules-2\files-2.1\org.springframework\spring-web\6.1.11\8910d08f15492273543d2c8032b2b895e08ed9e\spring-web-6.1.11.jar;c:\Users\itachi\.gradle\caches\modules-2\files-2.1\ch.qos.logback\logback-classic\1.5.6\afc75d260d838a3bddfb8f207c2805ed7d1b34f9\logback-classic-1.5.6.jar;c:\Users\itachi\.gradle\caches\modules-2\files-2.1\org.apache.tomcat.embed\tomcat-embed-core\10.1.25\c1e5ee12f537e6b4fea2b98a7160dcf0db610561\tomcat-embed-core-10.1.25.jar;c:\Users\itachi\.gradle\caches\modules-2\files-2.1\org.junit.platform\junit-platform-engine\1.10.3\365a320c3cfd47f3346625e541e424e35dc75c42\junit-platform-engine-1.10.3.jar;c:\Users\itachi\.gradle\caches\modules-2\files-2.1\org.junit.jupiter\junit-jupiter-api\5.10.3\a22aa91d1d6c69b2020a9aeb6d095ea81132bfa5\junit-jupiter-api-5.10.3.jar;c:\Users\itachi\.gradle\caches\modules-2\files-2.1\org.junit.platform\junit-platform-commons\1.10.3\a353d42a2f13343a7cb80c5228ae66ff64495481\junit-platform-commons-1.10.3.jar;c:\Users\itachi\.gradle\caches\modules-2\files-2.1\org.opentest4j\opentest4j\1.3.0\152ea56b3a72f655d4fd677fc0ef2596c3dd5e6e\opentest4j-1.3.0.jar;c:\Users\itachi\.gradle\caches\modules-2\files-2.1\org.junit.platform\junit-platform-launcher\1.10.3\2e07e6389624f3e93fb2e87aec2fdc30cc84b069\junit-platform-launcher-1.10.3.jar;c:\Users\itachi\.gradle\caches\modules-2\files-2.1\org.apiguardian\apiguardian-api\1.1.2\a231e0d844d2721b0fa1b238006d15c6ded6842a\apiguardian-api-1.1.2.jar;c:\Users\itachi\.gradle\caches\modules-2\files-2.1\org.junit.jupiter\junit-jupiter-engine\5.10.3\48c14e866bb1a87ca35d24ff068463bb202ada24\junit-jupiter-engine-5.10.3.jar;c:\Users\itachi\AppData\Roaming\Code\User\globalStorage\redhat.java\1.32.0\config_win\org.eclipse.osgi\119\0\.cp;c:\Users\itachi\AppData\Roaming\Code\User\globalStorage\redhat.java\1.32.0\config_win\org.eclipse.osgi\54\0\.cp
Launcher Type: SUN_STANDARD

[Global flags]
     intx CICompilerCount                          = 15                                        {product} {ergonomic}
     uint ConcGCThreads                            = 6                                         {product} {ergonomic}
     bool EnableJVMCIProduct                       = true                                {JVMCI product} {jimage}
     uint G1ConcRefinementThreads                  = 23                                        {product} {ergonomic}
   size_t G1HeapRegionSize                         = 8388608                                   {product} {ergonomic}
    uintx GCDrainStackTargetSize                   = 64                                        {product} {ergonomic}
   size_t InitialHeapSize                          = 1065353216                                {product} {ergonomic}
   size_t MarkStackSize                            = 4194304                                   {product} {ergonomic}
   size_t MaxHeapSize                              = 16970153984                               {product} {ergonomic}
   size_t MaxNewSize                               = 10175381504                               {product} {ergonomic}
   size_t MinHeapDeltaBytes                        = 8388608                                   {product} {ergonomic}
   size_t MinHeapSize                              = 8388608                                   {product} {ergonomic}
    uintx NonNMethodCodeHeapSize                   = 11613124                               {pd product} {ergonomic}
    uintx NonProfiledCodeHeapSize                  = 120022558                              {pd product} {ergonomic}
    uintx ProfiledCodeHeapSize                     = 120022558                              {pd product} {ergonomic}
    uintx ReservedCodeCacheSize                    = 251658240                              {pd product} {ergonomic}
     bool SegmentedCodeCache                       = true                                      {product} {ergonomic}
     bool ShowCodeDetailsInExceptionMessages       = true                                   {manageable} {command line}
   size_t SoftMaxHeapSize                          = 16970153984                            {manageable} {ergonomic}
      int ThreadPriorityPolicy                     = 1                                         {product} {jimage}
     bool UseCompressedOops                        = true                           {product lp64_product} {ergonomic}
     bool UseG1GC                                  = true                                      {product} {ergonomic}
     bool UseLargePagesIndividualAllocation        = false                                  {pd product} {ergonomic}

Logging:
Log output configuration:
 #0: stdout all=warning uptime,level,tags foldmultilines=false
 #1: stderr all=off uptime,level,tags foldmultilines=false

Environment Variables:
JAVA_HOME=D:\java-sdk\22-jdk\graalvm-jdk-22.0.1+8.1
PATH=D:\VMware\VMware Workstation\bin\;c:\windows\system32;c:\windows;c:\windows\system32\wbem;c:\windows\system32\windowspowershell\v1.0\;c:\windows\system32\openssh\;c:\program files\nvidia corporation\nvidia nvdlisr;d:\nodejs\;d:\git\cmd;C:\Program Files (x86)\NVIDIA Corporation\PhysX\Common;D:\Git\cmd;C:\Users\itachi\AppData\Local\Programs\Python\Python312\Scripts\;C:\Users\itachi\AppData\Local\Programs\Python\Python312\;C:\Users\itachi\AppData\Local\Microsoft\WindowsApps;D:\JetBrains\IntelliJ IDEA Community Edition 2023.1\bin;;C:\Users\itachi\AppData\Local\Programs\Microsoft VS Code\bin;C:\Users\itachi\AppData\Roaming\npm;D:\java-sdk\22-jdk\graalvm-jdk-22.0.1+8.1\bin;
USERNAME=itachi
OS=Windows_NT
PROCESSOR_IDENTIFIER=AMD64 Family 25 Model 97 Stepping 2, AuthenticAMD
TMP=C:\Users\itachi\AppData\Local\Temp
TEMP=C:\Users\itachi\AppData\Local\Temp




Periodic native trim disabled

---------------  S Y S T E M  ---------------

OS:
 Windows 11 , 64 bit Build 22621 (10.0.22621.3672)
OS uptime: 0 days 22:16 hours
Hyper-V role detected

CPU: total 32 (initial active 32) (32 cores per cpu, 2 threads per core) family 25 model 97 stepping 2 microcode 0x0, cx8, cmov, fxsr, ht, mmx, 3dnowpref, sse, sse2, sse3, ssse3, sse4a, sse4.1, sse4.2, popcnt, lzcnt, tsc, tscinvbit, avx, avx2, aes, erms, clmul, bmi1, bmi2, adx, avx512f, avx512dq, avx512cd, avx512bw, avx512vl, sha, fma, vzeroupper, avx512_vpopcntdq, avx512_vpclmulqdq, avx512_vaes, avx512_vnni, clflush, clflushopt, avx512_vbmi2, avx512_vbmi, hv, rdtscp, rdpid, fsrm, gfni, avx512_bitalg, f16c, cet_ss, avx512_ifma
Processor Information for all 32 processors :
  Max Mhz: 4201, Current Mhz: 4201, Mhz Limit: 4201

Memory: 4k page, system-wide physical 64704M (37827M free)
TotalPageFile size 141394M (AvailPageFile size 4M)
current process WorkingSet (physical memory assigned to process): 71M, peak: 71M
current process commit charge ("private bytes"): 1164M, peak: 1224M

vm_info: Java HotSpot(TM) 64-Bit Server VM (21.0.3+7-LTS-jvmci-23.1-b37) for windows-amd64 JRE (21.0.3+7-LTS-jvmci-23.1-b37), built on 2024-03-13T18:09:03Z by "Buildbot" with MS VC++ 17.6 (VS2022)

END.
